2020-11-13T02:58:59+00:00 CRITICAL Uncaught Error: Call to a member function get_id() on bool in /var/www/html/wp-content/themes/understrap/inc/woocommerce.php:1156
Stack trace:
#0 /var/www/html/wp-includes/class-wp-hook.php(287): {closure}(false, Object(WC_Order), Object(WC_Order_Item_Product), false, Array)
#1 /var/www/html/wp-includes/plugin.php(206): WP_Hook->apply_filters(false, Array)
#2 /var/www/html/wp-content/plugins/woo-order-export-lite/classes/core/class-wc-order-export-order-product-fields.php(318): apply_filters('woe_get_order_p...', false, Object(WC_Order), Object(WC_Order_Item_Product), false, Array)
#3 /var/www/html/wp-content/plugins/woo-order-export-lite/classes/core/class-wc-order-export-data-extractor.php(1605): WC_Order_Export_Order_Product_Fields->get('department')
#4 /var/www/html/wp-content/plugins/woo-order-export-lite/classes/core/class-wc-order-export-data-extractor.php(1680): WC_Order_Export_Data_Extractor::fetch_order_products(Object(WC_Order), Object(WC_Order_Export_Labels), Array, Array, Object(WC_Order_Export_O in /var/www/html/wp-content/themes/understrap/inc/woocommerce.php on line 1156

2020-11-13T02:59:45+00:00 CRITICAL Uncaught Error: Call to a member function get_id() on bool in /var/www/html/wp-content/themes/understrap/inc/woocommerce.php:1156
Stack trace:
#0 /var/www/html/wp-includes/class-wp-hook.php(287): {closure}(false, Object(WC_Order), Object(WC_Order_Item_Product), false, Array)
#1 /var/www/html/wp-includes/plugin.php(206): WP_Hook->apply_filters(false, Array)
#2 /var/www/html/wp-content/plugins/woo-order-export-lite/classes/core/class-wc-order-export-order-product-fields.php(318): apply_filters('woe_get_order_p...', false, Object(WC_Order), Object(WC_Order_Item_Product), false, Array)
#3 /var/www/html/wp-content/plugins/woo-order-export-lite/classes/core/class-wc-order-export-data-extractor.php(1605): WC_Order_Export_Order_Product_Fields->get('department')
#4 /var/www/html/wp-content/plugins/woo-order-export-lite/classes/core/class-wc-order-export-data-extractor.php(1680): WC_Order_Export_Data_Extractor::fetch_order_products(Object(WC_Order), Object(WC_Order_Export_Labels), Array, Array, Object(WC_Order_Export_O in /var/www/html/wp-content/themes/understrap/inc/woocommerce.php on line 1156

2020-11-13T03:00:45+00:00 CRITICAL Uncaught Error: Call to a member function get_id() on bool in /var/www/html/wp-content/themes/understrap/inc/woocommerce.php:1156
Stack trace:
#0 /var/www/html/wp-includes/class-wp-hook.php(287): {closure}(false, Object(WC_Order), Object(WC_Order_Item_Product), false, Array)
#1 /var/www/html/wp-includes/plugin.php(206): WP_Hook->apply_filters(false, Array)
#2 /var/www/html/wp-content/plugins/woo-order-export-lite/classes/core/class-wc-order-export-order-product-fields.php(318): apply_filters('woe_get_order_p...', false, Object(WC_Order), Object(WC_Order_Item_Product), false, Array)
#3 /var/www/html/wp-content/plugins/woo-order-export-lite/classes/core/class-wc-order-export-data-extractor.php(1605): WC_Order_Export_Order_Product_Fields->get('department')
#4 /var/www/html/wp-content/plugins/woo-order-export-lite/classes/core/class-wc-order-export-data-extractor.php(1680): WC_Order_Export_Data_Extractor::fetch_order_products(Object(WC_Order), Object(WC_Order_Export_Labels), Array, Array, Object(WC_Order_Export_O in /var/www/html/wp-content/themes/understrap/inc/woocommerce.php on line 1156

