2020-11-23T03:26:20+00:00 CRITICAL Uncaught Error: Call to a member function get_id() on null in /var/www/html/wp-content/themes/understrap/inc/woocommerce.php:317
Stack trace:
#0 /var/www/html/wp-includes/class-wp-hook.php(287): out_of_stock_read_more_url('Add to cart', Object(WC_Product_Simple))
#1 /var/www/html/wp-includes/plugin.php(206): WP_Hook->apply_filters('Add to cart', Array)
#2 /var/www/html/wp-content/plugins/woocommerce/includes/class-wc-product-simple.php(62): apply_filters('woocommerce_pro...', 'Add to cart', Object(WC_Product_Simple))
#3 /var/www/html/wp-content/plugins/woocommerce/packages/woocommerce-blocks/src/RestApi/Controllers/Products.php(223): WC_Product_Simple->add_to_cart_text()
#4 /var/www/html/wp-content/plugins/woocommerce/packages/woocommerce-rest-api/src/Controllers/Version2/class-wc-rest-products-v2-controller.php(162): Automattic\WooCommerce\Blocks\RestApi\Controllers\Products->get_product_data(Object(WC_Product_Simple), 'view')
#5 /var/www/html/wp-content/plugins/woocommerce/packages/woocommerce-rest-api/src/ in /var/www/html/wp-content/themes/understrap/inc/woocommerce.php on line 317

2020-11-23T03:26:40+00:00 CRITICAL Uncaught Error: Call to a member function get_id() on null in /var/www/html/wp-content/themes/understrap/inc/woocommerce.php:317
Stack trace:
#0 /var/www/html/wp-includes/class-wp-hook.php(287): out_of_stock_read_more_url('Add to cart', Object(WC_Product_Simple))
#1 /var/www/html/wp-includes/plugin.php(206): WP_Hook->apply_filters('Add to cart', Array)
#2 /var/www/html/wp-content/plugins/woocommerce/includes/class-wc-product-simple.php(62): apply_filters('woocommerce_pro...', 'Add to cart', Object(WC_Product_Simple))
#3 /var/www/html/wp-content/plugins/woocommerce/packages/woocommerce-blocks/src/RestApi/Controllers/Products.php(223): WC_Product_Simple->add_to_cart_text()
#4 /var/www/html/wp-content/plugins/woocommerce/packages/woocommerce-rest-api/src/Controllers/Version2/class-wc-rest-products-v2-controller.php(162): Automattic\WooCommerce\Blocks\RestApi\Controllers\Products->get_product_data(Object(WC_Product_Simple), 'view')
#5 /var/www/html/wp-content/plugins/woocommerce/packages/woocommerce-rest-api/src/ in /var/www/html/wp-content/themes/understrap/inc/woocommerce.php on line 317

2020-11-23T03:29:44+00:00 CRITICAL Uncaught Error: Call to a member function get_id() on null in /var/www/html/wp-content/themes/understrap/inc/woocommerce.php:317
Stack trace:
#0 /var/www/html/wp-includes/class-wp-hook.php(287): out_of_stock_read_more_url('Add to cart', Object(WC_Product_Simple))
#1 /var/www/html/wp-includes/plugin.php(206): WP_Hook->apply_filters('Add to cart', Array)
#2 /var/www/html/wp-content/plugins/woocommerce/includes/class-wc-product-simple.php(62): apply_filters('woocommerce_pro...', 'Add to cart', Object(WC_Product_Simple))
#3 /var/www/html/wp-content/plugins/woocommerce/packages/woocommerce-blocks/src/BlockTypes/AbstractProductGrid.php(473): WC_Product_Simple->add_to_cart_text()
#4 /var/www/html/wp-content/plugins/woocommerce/packages/woocommerce-blocks/src/BlockTypes/AbstractProductGrid.php(446): Automattic\WooCommerce\Blocks\BlockTypes\AbstractProductGrid->get_add_to_cart(Object(WC_Product_Simple))
#5 /var/www/html/wp-content/plugins/woocommerce/packages/woocommerce-blocks/src/BlockTypes/AbstractProductGrid.php(3 in /var/www/html/wp-content/themes/understrap/inc/woocommerce.php on line 317

