2020-12-05T00:54:45+00:00 CRITICAL Uncaught RuntimeException: Failed to fetch media due to an error from Instagram's API: The Instagram API responded with an error: Error #0 [Unknown]: [error details could not be retrieved] in /var/www/html/wp-content/plugins/spotlight-social-photo-feeds-premium/core/MediaStore/MediaStore.php:145
Stack trace:
#0 /var/www/html/wp-content/plugins/spotlight-social-photo-feeds-premium/core/Actions/ImportMediaAction.php(54): RebelCode\Spotlight\Instagram\MediaStore\MediaStore->getFeedMedia(Object(RebelCode\Spotlight\Instagram\Feeds\Feed))
#1 /var/www/html/wp-content/plugins/spotlight-social-photo-feeds-premium/core/Utils/Arrays.php(100): RebelCode\Spotlight\Instagram\Actions\ImportMediaAction->RebelCode\Spotlight\Instagram\Actions\{closure}(Object(WP_Post), 1)
#2 [internal function]: RebelCode\Spotlight\Instagram\Utils\Arrays::RebelCode\Spotlight\Instagram\Utils\{closure}(Object(WP_Post), 1)
#3 /var/www/html/wp-content/plugins/spotlight-social-photo-feeds-premium/core/Utils/Arrays.php(101): array_walk(Array, Object in /var/www/html/wp-content/plugins/spotlight-social-photo-feeds-premium/core/MediaStore/MediaStore.php on line 145

2020-12-05T10:54:45+00:00 CRITICAL Uncaught RuntimeException: Failed to fetch media due to an error from Instagram's API: The Instagram API responded with an error: Error #0 [Unknown]: [error details could not be retrieved] in /var/www/html/wp-content/plugins/spotlight-social-photo-feeds-premium/core/MediaStore/MediaStore.php:145
Stack trace:
#0 /var/www/html/wp-content/plugins/spotlight-social-photo-feeds-premium/core/Actions/ImportMediaAction.php(54): RebelCode\Spotlight\Instagram\MediaStore\MediaStore->getFeedMedia(Object(RebelCode\Spotlight\Instagram\Feeds\Feed))
#1 /var/www/html/wp-content/plugins/spotlight-social-photo-feeds-premium/core/Utils/Arrays.php(100): RebelCode\Spotlight\Instagram\Actions\ImportMediaAction->RebelCode\Spotlight\Instagram\Actions\{closure}(Object(WP_Post), 1)
#2 [internal function]: RebelCode\Spotlight\Instagram\Utils\Arrays::RebelCode\Spotlight\Instagram\Utils\{closure}(Object(WP_Post), 1)
#3 /var/www/html/wp-content/plugins/spotlight-social-photo-feeds-premium/core/Utils/Arrays.php(101): array_walk(Array, Object in /var/www/html/wp-content/plugins/spotlight-social-photo-feeds-premium/core/MediaStore/MediaStore.php on line 145

2020-12-05T12:44:29+00:00 CRITICAL Uncaught Error: Call to a member function get_payment_method() on bool in /var/www/html/wp-content/themes/understrap/woocommerce/checkout/thankyou.php:19
Stack trace:
#0 /var/www/html/wp-content/plugins/woocommerce/includes/wc-core-functions.php(251): include()
#1 /var/www/html/wp-content/plugins/woocommerce/includes/shortcodes/class-wc-shortcode-checkout.php(257): wc_get_template('checkout/thanky...', Array)
#2 /var/www/html/wp-content/plugins/woocommerce/includes/shortcodes/class-wc-shortcode-checkout.php(63): WC_Shortcode_Checkout::order_received(8885)
#3 /var/www/html/wp-content/plugins/woocommerce/includes/class-wc-shortcodes.php(72): WC_Shortcode_Checkout::output('')
#4 /var/www/html/wp-content/plugins/woocommerce/includes/class-wc-shortcodes.php(95): WC_Shortcodes::shortcode_wrapper(Array, '')
#5 /var/www/html/wp-includes/shortcodes.php(343): WC_Shortcodes::checkout('', '', 'woocommerce_che...')
#6 [internal function]: do_shortcode_tag(Array)
#7 /var/www/html/wp-includes/shortcodes.php(218): preg_repla in /var/www/html/wp-content/themes/understrap/woocommerce/checkout/thankyou.php on line 19

2020-12-05T12:54:46+00:00 CRITICAL Uncaught RuntimeException: Failed to fetch media due to an error from Instagram's API: The Instagram API responded with an error: Error #0 [Unknown]: [error details could not be retrieved] in /var/www/html/wp-content/plugins/spotlight-social-photo-feeds-premium/core/MediaStore/MediaStore.php:145
Stack trace:
#0 /var/www/html/wp-content/plugins/spotlight-social-photo-feeds-premium/core/Actions/ImportMediaAction.php(54): RebelCode\Spotlight\Instagram\MediaStore\MediaStore->getFeedMedia(Object(RebelCode\Spotlight\Instagram\Feeds\Feed))
#1 /var/www/html/wp-content/plugins/spotlight-social-photo-feeds-premium/core/Utils/Arrays.php(100): RebelCode\Spotlight\Instagram\Actions\ImportMediaAction->RebelCode\Spotlight\Instagram\Actions\{closure}(Object(WP_Post), 1)
#2 [internal function]: RebelCode\Spotlight\Instagram\Utils\Arrays::RebelCode\Spotlight\Instagram\Utils\{closure}(Object(WP_Post), 1)
#3 /var/www/html/wp-content/plugins/spotlight-social-photo-feeds-premium/core/Utils/Arrays.php(101): array_walk(Array, Object in /var/www/html/wp-content/plugins/spotlight-social-photo-feeds-premium/core/MediaStore/MediaStore.php on line 145

